Q48,101
Q298,101
Q183,101
Q33,101
Q928,101
Q5296,101
Q796,101
Q17,101
Q1030,101
Q258,101
Q148,101
Q1988,101
Q108,101
Q109,101
Q110,101
Q29,101
Q869,101
Q334,101
Q833,101
Q717,101
Q916,101
Q142,101
Q30,101
Q1065,101
Q38,101
Q188,101
Q889,101
Q224,101
Q262,101
Q45,101
Q16,101
Q408,101
Q1860,101
Q52,101
Q1457595,101
Q4960490,101
Q846,101
Q37,101
Q20,101
Q1033,101
Q668,101
Q159,101
Q265,101
Q1321,101
Q739,101
Q962,101
Q222,101
Q399,101
Q794,101
Q77,101
Q115,101
Q1016,101
Q1009,101
Q874,101
Q96,101
Q155,101
Q822,101
Q227,101
Q398,101
Q858,101
Q851,101
Q843,101
Q424,101
Q252,101
Q935,101
Q43,101
Q881,101
Q836,101
Q854,101
Q8646,101
Q917,101
Q813,101
Q9960,101
Q232,101
Q711,101
Q819,101
Q4608595,101
Q230,101
Q921,101
Q4844001,101
Q15,100
Q46,100
Q191,100
Q413,100
Q1071,100
Q117,100
Q801,100
Q34,100
Q2479,100
Q2475,100
Q2480,100
Q1985,100
Q2091,100
Q5253,100
Q2484,100
Q2434,100
Q2432,100
Q2425,100
Q2070,100
Q5165,100
Q1987,100
Q1986,100
Q19715,100
Q2162,100
Q2155,100
Q2075,100
Q2057,100
Q2014,100
Q2035,100
Q2019,100
Q2021,100
Q2024,100
Q2004,100
Q7640,100
Q8678,100
Q13955,100
Q118,100
Q119,100
Q120,100
Q121,100
Q122,100
Q123,100
Q125,100
Q126,100
Q664,100
Q39,100
Q28,100
Q145,100
Q1028,100
Q2,100
Q31,100
Q75,100
Q4039395,100
Q36,100
Q218,100
Q333,100
Q983,100
Q1457402,100
Q5462387,100
Q90,100
Q217,100
Q212,100
Q211,100
Q414,100
Q730,100
Q736,100
Q229,100
Q41,100
Q40,100
Q214,100
Q215,100
Q1019,100
Q114,100
Q967,100
Q347,100
Q235,100
Q228,100
Q1049,100
Q924,100
Q750,100
Q79,100
Q544,100
Q283,100
Q859,100
Q762,100
Q99,100
Q884,100
Q423,100
Q956,100
Q419,100
Q4299475,100
Q1411417,100
Q219,100
Q733,100
Q241,100
Q805,100
Q865,100
Q902,100
Q837,100
Q863,100
Q842,100
Q782,100
Q184,100
Q804,100
Q238,100
Q221,100
Q6294369,100
Q225,100
Q797,100
Q817,100
Q307,100
Q4617,100
Q32,100
Q748,99
Q1845,99
Q963,99
Q5043,99
Q315,99
Q395,99
Q954,99
Q2478,99
Q2474,99
Q3696,99
Q2644,99
Q2648,99
Q18581,99
Q2476,99
Q2649,99
Q2650,99
Q2755,99
Q2764,99
Q2481,99
Q2483,99
Q5221,99
Q5302,99
Q2439,99
Q2437,99
Q2436,99
Q2431,99
Q2430,99
Q2429,99
Q2426,99
Q2064,99
Q2062,99
Q2065,99
Q2068,99
Q2088,99
Q5272,99
Q18591,99
Q18597,99
Q5263,99
Q18610,99
Q5240,99
Q5268,99
Q18623,99
Q18625,99
Q5231,99
Q18633,99
Q18639,99
Q18645,99
Q18647,99
Q18649,99
Q18714,99
Q18743,99
Q18782,99
Q18787,99
Q2084,99
Q2077,99
Q18792,99
Q18110,99
Q5259,99
Q18107,99
Q2173,99
Q2169,99
Q2157,99
Q2094,99
Q2092,99
Q2087,99
Q2083,99
Q2080,99
Q2076,99
Q2056,99
Q2048,99
Q2049,99
Q2047,99
Q2046,99
Q2045,99
Q2043,99
Q2034,99
Q7851,99
Q7848,99
Q7847,99
Q7846,99
Q7844,99
Q7843,99
Q7840,99
Q7837,99
Q7832,99
Q7831,99
Q7829,99
Q7826,99
Q7821,99
Q7819,99
Q7812,99
Q7808,99
Q7806,99
Q7776,99
Q7761,99
Q7712,99
Q7701,99
Q7680,99
Q7691,99
Q7693,99
Q7647,99
Q7653,99
Q1996,99
Q7584,99
Q7601,99
Q7608,99
Q7612,99
Q1995,99
Q7572,99
Q6937,99
Q6943,99
Q6919,99
Q6922,99
Q7823,99
Q7763,99
Q7573,99
Q7611,99
Q7643,99
Q6921,99
Q3028,99
Q1005,99
Q4604,99
Q2705,99
Q1029,99
Q124,99
Q2350,99
Q2352,99
Q2356,99
Q2359,99
Q2361,99
Q2399,99
Q2397,99
Q729,99
Q2402,99
Q193,99
Q5593,99
Q10693,99
Q2579,99
Q405,99
Q2404,99
Q2403,99
Q2435,99
Q5113,99
Q352,99
Q254,99
Q7322,99
Q432,99
Q4847311,99
Q362,99
Q1457673,99
Q2996,99
Q105,99
Q9129,99
Q937,99
Q2303,99
Q97,99
Q629,99
Q189,99
Q525,99
Q336,99
Q974,99
Q5119,99
Q7737,99
Q48029,99
Q233,99
Q213,99
Q965,99
Q1000,99
Q971,99
Q1020,99
Q111,99
Q308,99
Q8255,99
Q977,99
Q1006,99
Q1041,99
Q912,99
Q1025,99
Q237,99
Q948,99
Q1032,99
Q1014,99
Q1027,99
Q945,99
Q657,99
Q1859,99
Q51,99
Q1239,99
Q5626526,99
Q6395874,99
Q6332595,99
Q6399850,99
Q1754,99
Q236,99
Q810,99
Q692,99
Q146,99
Q6587145,99
Q403,99
Q8739,99
Q882,99
Q712,99
Q1490,99
Q574,99
Q868,99
Q783,99
Q242,99
Q1990,99
Q1994,99
Q173,99
Q23,99
Q5592,99
Q778,99
Q790,99
Q781,99
Q695,99
Q5152,99
Q15408619,99
Q420,98
Q21,98
Q458,98
Q5891,98
Q309,98
Q897,98
Q9089,98
Q8023,98
Q18,98
Q2498,98
Q2506,98
Q2417,98
Q2419,98
Q2500,98
Q2485,98
Q2477,98
Q2652,98
Q3754,98
Q2150,98
Q2089,98
Q18577,98
Q5311,98
Q2527,98
Q2060,98
Q2067,98
Q18585,98
Q5188,98
Q18658,98
Q18726,98
Q2665,98
Q2165,98
Q7839,98
Q7822,98
Q7783,98
Q7773,98
Q7766,98
Q7764,98
Q7757,98
Q7753,98
Q7746,98
Q7720,98
Q7717,98
Q7715,98
Q7708,98
Q7704,98
Q7698,98
Q7661,98
Q7666,98
Q7670,98
Q7673,98
Q7676,98
Q7684,98
Q7687,98
Q7625,98
Q7629,98
Q7633,98
Q7636,98
Q7644,98
Q7650,98
Q7656,98
Q7587,98
Q7591,98
Q7597,98
Q7616,98
Q7619,98
Q7622,98
Q6983,98
Q6988,98
Q6994,98
Q6997,98
Q7004,98
Q7008,98
Q7570,98
Q7576,98
Q7579,98
Q2992,98
Q6933,98
Q6948,98
Q6953,98
Q6958,98
Q6964,98
Q6976,98
Q2989,98
Q6883,98
Q6887,98
Q6894,98
Q6898,98
Q6903,98
Q6909,98
Q6914,98
Q6928,98
Q7805,98
Q7815,98
Q7820,98
Q7827,98
Q6875,98
Q6877,98
Q2991,98
Q7745,98
Q7752,98
Q7765,98
Q7772,98
Q7775,98
Q7784,98
Q2988,98
Q7700,98
Q7703,98
Q7709,98
Q7713,98
Q7714,98
Q7716,98
Q7719,98
Q2987,98
Q7649,98
Q7652,98
Q7659,98
Q7675,98
Q7679,98
Q7683,98
Q7589,98
Q7607,98
Q7632,98
Q7635,98
Q7639,98
Q7646,98
Q6989,98
Q2986,98
Q2984,98
Q6871,98
Q6878,98
Q6884,98
Q6913,98
Q6926,98
Q6932,98
Q6947,98
Q6957,98
Q6966,98
Q2983,98
Q2982,98
Q3027,98
Q3026,98
Q3024,98
Q143,98
Q6824,98
Q6841,98
Q3023,98
Q3025,98
Q3021,98
Q3022,98
Q3020,98
Q3017,98
Q3016,98
Q3015,98
Q68,98
Q2369,98
Q2451,98
Q2636,98
Q2676,98
Q2151,98
Q2761,98
Q2800,98
Q2832,98
Q2862,98
Q2901,98
Q2912,98
Q2156,98
Q2168,98
Q2202,98
Q2221,98
Q2228,98
Q2234,98
Q2243,98
Q2247,98
Q2248,98
Q2255,98
Q2257,98
Q2260,98
Q2261,98
Q2264,98
Q2265,98
Q2266,98
Q2267,98
Q2273,98
Q2275,98
Q2334,98
Q2342,98
Q2343,98
Q2351,98
Q2355,98
Q2362,98
Q2393,98
Q2390,98
Q2391,98
Q2396,98
Q2392,98
Q2394,98
Q2401,98
Q2398,98
Q2400,98
Q2445,98
Q2535,98
Q2547,98
Q2552,98
Q2585,98
Q2623,98
Q2621,98
Q2618,98
Q2613,98
Q2670,98
Q5292,98
Q2698,98
Q2696,98
Q2787,98
Q2780,98
Q2782,98
Q2778,98
Q2777,98
Q2776,98
Q2775,98
Q2774,98
Q2812,98
Q2827,98
Q2823,98
Q2821,98
Q2819,98
Q2816,98
Q2818,98
Q2830,98
Q2859,98
Q2851,98
Q2913,98
Q2930,98
Q2919,98
Q1001,98
Q1013,98
Q2453,98
Q2454,98
Q2456,98
Q2458,98
Q2460,98
Q5582,98
Q2461,98
Q2505,98
Q2503,98
Q2504,98
Q2502,98
Q2501,98
Q2499,98
Q2526,98
Q2993,98
Q2990,98
Q1394,98
Q2544,98
Q2558,98
Q2583,98
Q1044,98
Q2422,98
Q2424,98
Q2427,98
Q2433,98
Q3029,98
Q2329,98
Q556,98
Q4587662,98
Q2997,98
Q132,98
Q127,98
Q2995,98
Q128,98
Q2994,98
Q1458083,98
Q397,98
Q1861,98
Q64,98
Q1537,98
Q5610083,98
Q84,98
Q150,98
Q144,98
Q27,98
Q65,98
Q5107,98
Q319,98
Q1037,98
Q1036,98
Q634,98
Q986,98
Q11573,98
Q313,98
Q1410903,98
Q5461620,98
Q1007,98
Q1011,98
Q1008,98
Q649,98
Q60,98
Q1558,98
Q85,98
Q4104783,98
Q4655215,98
Q6332586,98
Q6332732,98
Q5610127,98
Q332,98
Q6148868,98
Q9061,98
Q826,98
Q61,98
Q1410960,98
Q1411230,98
Q98,98
Q1090,98
Q1048,98
Q220,98
Q11575,98
Q577,98
Q1299,98
Q255,98
Q5287,98
Q6332765,98
Q76,98
Q800,98
Q774,98
Q792,98
Q766,98
Q244,98
Q1439,98
Q1546,98
Q1612,98
Q1649,98
Q816,98
Q1553,98
Q1428,98
Q1370,98
Q1408,98
Q2831,98
Q8502,98
Q3392,98
Q726,98
Q5637226,98
Q302,97
Q710,97
Q9174,97
Q686,97
Q2671,97
Q2663,97
Q2510,97
Q2511,97
Q2509,97
Q2508,97
Q2497,97
Q2520,97
Q2521,97
Q2524,97
Q2531,97
Q2532,97
Q2533,97
Q2668,97
Q2662,97
Q2661,97
Q7816,97
Q7741,97
Q6967,97
Q6973,97
Q7807,97
Q7811,97
Q7818,97
Q7740,97
Q7756,97
Q7760,97
Q7690,97
Q7692,97
Q7697,97
Q7655,97
Q7665,97
Q7669,97
Q7672,97
Q7575,97
Q7580,97
Q7583,97
Q7586,97
Q7596,97
Q7600,97
Q7615,97
Q7621,97
Q7623,97
Q7627,97
Q6993,97
Q6996,97
Q7002,97
Q7006,97
Q6866,97
Q6873,97
Q6892,97
Q6895,97
Q6899,97
Q6918,97
Q6936,97
Q6942,97
Q6952,97
Q6963,97
Q6972,97
Q6977,97
Q6984,97
Q6814,97
Q6819,97
Q6822,97
Q6830,97
Q6835,97
Q6846,97
Q6857,97
Q6861,97
Q638,97
Q3019,97
Q3018,97
Q2297,97
Q2296,97
Q16551,97
Q2298,97
Q2310,97
Q2300,97
Q2304,97
Q7174,97
Q6634,97
Q2302,97
Q2363,97
Q2379,97
Q2382,97
Q2383,97
Q2410,97
Q2413,97
Q2438,97
Q2603,97
Q2745,97
Q2238,97
Q2276,97
Q2278,97
Q2279,97
Q2282,97
Q2284,97
Q2285,97
Q2286,97
Q2287,97
Q2289,97
Q2312,97
Q2313,97
Q2315,97
Q2318,97
Q2319,97
Q2320,97
Q2322,97
Q2323,97
Q2324,97
Q2325,97
Q2335,97
Q2336,97
Q2333,97
Q2332,97
Q2341,97
Q2340,97
Q2344,97
Q2395,97
Q2549,97
Q2550,97
Q2553,97
Q2555,97
Q2556,97
Q2627,97
Q2622,97
Q2620,97
Q2616,97
Q2615,97
Q2617,97
Q2619,97
Q2614,97
Q2612,97
Q2653,97
Q2672,97
Q2669,97
Q2666,97
Q2659,97
Q2657,97
Q2700,97
Q2697,97
Q2699,97
Q2695,97
Q2694,97
Q2692,97
Q2690,97
Q2689,97
Q2718,97
Q2717,97
Q2716,97
Q2715,97
Q2788,97
Q2785,97
Q2786,97
Q2784,97
Q2783,97
Q2781,97
Q2826,97
Q2829,97
Q2824,97
Q2828,97
Q2820,97
Q2822,97
Q2817,97
Q2860,97
Q2855,97
Q2854,97
Q2858,97
Q2850,97
Q2856,97
Q2853,97
Q2849,97
Q2848,97
Q2847,97
Q2846,97
Q2897,97
Q2894,97
Q2893,97
Q2896,97
Q2892,97
Q2891,97
Q2888,97
Q2890,97
Q2886,97
Q2885,97
Q2884,97
Q2883,97
Q2882,97
Q2881,97
Q2932,97
Q2931,97
Q2929,97
Q2928,97
Q2926,97
Q2924,97
Q2923,97
Q2920,97
Q2925,97
Q2922,97
Q2963,97
Q2964,97
Q2961,97
Q2959,97
Q2960,97
Q2957,97
Q2958,97
Q2955,97
Q2954,97
Q2956,97
Q2952,97
Q2950,97
Q2949,97
Q11059,97
Q2457,97
Q2459,97
Q2507,97
Q2519,97
Q2523,97
Q2525,97
Q2529,97
Q2534,97
Q2536,97
Q2779,97
Q2962,97
Q2857,97
Q2921,97
Q2691,97
Q2927,97
Q2545,97
Q2557,97
Q2559,97
Q2560,97
Q2561,97
Q2562,97
Q2574,97
Q2575,97
Q2576,97
Q2578,97
Q2580,97
Q2581,97
Q2584,97
Q2586,97
Q2587,97
Q2588,97
Q2589,97
Q2590,97
Q2591,97
Q2625,97
Q2624,97
Q2664,97
Q12138,97
Q55,97
Q9268,97
Q2660,97
Q2852,97
Q2889,97
Q129,97
Q130,97
Q131,97
Q2953,97
Q7163,97
Q6508,97
Q2299,97
Q2301,97
Q2455,97
Q5460710,97
Q1455739,97
Q1410828,97
Q4619,97
Q8249,97
Q652,97
Q5146,97
Q1339,97
Q361,97
Q1045,97
Q4918,97
Q1588,97
Q8242,97
Q756,97
Q1983674,97
Q1042,97
Q929,97
Q1455901,97
Q11279,97
Q152,97
Q2807,97
Q25,97
Q2736,97
Q2887,97
Q324,97
Q33986,97
Q812,97
Q1524,97
Q207,97
Q1035,97
Q8743,97
Q1204,97
Q6445580,97
Q7686,97
Q1043,97
Q913,97
Q7873,97
Q523,97
Q855,97
Q811,97
Q734,97
Q786,97
Q1781,97
Q1415,97
Q829,97
Q1509,97
Q1371,97
Q1221,97
Q771,97
Q406,97
Q538,97
Q1455849,97
Q1998,97
Q1999,97
Q2002,97
Q4616,97
Q515,97
Q3630,97
Q754,97
Q784,97
Q769,97
Q5809,97
Q685,97
Q691,97
Q5484,97
Q91,97
Q5611452,97
Q12271,96
Q7618,96
Q6902,96
Q6908,96
Q6813,96
Q7674,96
Q7694,96
Q7710,96
Q953,96
Q6765,96
Q6788,96
Q6831,96
Q6856,96
Q6912,96
Q6917,96
Q6920,96
Q6930,96
Q6951,96
Q6962,96
Q8409,96
Q6666,96
Q6590,96
Q6520,96
Q6632,96
Q6638,96
Q2364,96
Q2701,96
Q2688,96
Q2687,96
Q2686,96
Q2731,96
Q2729,96
Q2730,96
Q2726,96
Q2728,96
Q2727,96
Q2725,96
Q2722,96
Q2721,96
Q2720,96
Q2723,96
Q2719,96
Q2825,96
Q517,96
Q9121,96
Q623,96
Q1457474,96
Q1457258,96
Q697,96
Q1411284,96
Q8259,96
Q11344,96
Q7270,96
Q663,96
Q2951,96
Q1156,96
Q4916,96
Q970,96
Q1741,96
Q677,96
Q4047087,96
Q8495,96
Q727,96
Q1457903,96
Q4103183,96
Q62,96
Q573,96
Q7003174,96
Q6332664,96
Q1039,96
Q2316,96
Q4368475,96
Q2944929,96
Q5879,96
Q7186,96
Q6398355,96
Q22,96
Q5529697,96
Q270,96
Q7215810,96
Q1218,96
Q9288,96
Q6101,96
Q878,96
Q1455625,96
Q7327,96
Q571,96
Q1400,96
Q8704,96
Q1085,96
Q3130,96
Q759,96
Q5626544,96
Q656,96
Q6395210,96
Q760,96
Q1384,96
Q6691,96
Q1581,96
Q1522,96
Q1261,96
Q1494,96
Q1397,96
Q1530,96
Q3616,96
Q1214,96
Q1393,96
Q1454,96
Q779,96
Q824,96
Q5609682,96
Q6392510,96
Q9458,96
Q683,96
Q25290,96
Q4022,96
Q8007,96
Q7850,96
Q5610209,96
Q1405,96
Q735,96
Q9441,96
Q22686,96
Q5030944,96
Q1757,95
Q49,95
Q9027,95
Q1050,95
Q7678,95
Q7689,95
Q6982,95
Q6987,95
Q6991,95
Q6995,95
Q7001,95
Q6720,95
Q6725,95
Q6735,95
Q6741,95
Q6747,95
Q6756,95
Q6776,95
Q6815,95
Q6818,95
Q6833,95
Q6865,95
Q6879,95
Q6893,95
Q6901,95
Q6925,95
Q6965,95
Q6704,95
Q6707,95
Q6769,95
Q6126,95
Q6137,95
Q6325,95
Q6412,95
Q6443,95
Q6523,95
Q6565,95
Q6579,95
Q6595,95
Q6601,95
Q6621,95
Q6648,95
Q140,95
Q15180,95
Q718,95
Q560,95
Q1411173,95
Q7191,95
Q9779,95
Q5611978,95
Q1726,95
Q1411497,95
Q172,95
Q627,95
Q1486,95
Q5610307,95
Q1794,95
Q706,95
Q7747,95
Q7809,95
Q753,95
Q428,95
Q589,95
Q529,95
Q1055,95
Q1411008,95
Q7377,95
Q6447726,95
Q6332645,95
Q5626683,95
Q788,95
Q1748,95
Q1411712,95
Q1456850,95
Q174,95
Q3740,95
Q597,95
Q1455458,95
Q4049595,95
Q1297,95
Q5462890,95
Q7561,95
Q1615,95
Q8514,95
Q585,95
Q7003332,95
Q1183,95
Q9047,95
Q8686,95
Q1212,95
Q724,95
Q1899,95
Q3640,95
Q1166,95
Q1527,95
Q1207,95
Q1227,95
Q1391,95
Q1456,95
Q1387,95
Q1223,95
Q9248,95
Q1489,95
Q5451,95
Q513,95
Q25245,95
Q905,95
Q9682,95
Q3559,95
Q619,95
Q763,95
Q757,95
Q1858,95
Q2841,95
Q8087,95
Q166,95
Q7925,95
Q9168,95
Q5806,95
Q3783,95
Q5685,95
Q7243,95
Q11190,94
Q190,94
Q1368,94
Q19860,94
Q5465,94
Q1693,94
Q8162,94
Q7671,94
Q7682,94
Q7685,94
Q7696,94
Q7699,94
Q7702,94
Q7706,94
Q7005,94
Q7574,94
Q7581,94
Q7617,94
Q7620,94
Q7634,94
Q7638,94
Q7642,94
Q7660,94
Q6727,94
Q6738,94
Q6758,94
Q6762,94
Q6768,94
Q6771,94
Q6781,94
Q6784,94
Q6798,94
Q6812,94
Q6821,94
Q6826,94
Q6840,94
Q6847,94
Q6860,94
Q6870,94
Q6872,94
Q6885,94
Q6889,94
Q6897,94
Q6907,94
Q6935,94
Q6941,94
Q6945,94
Q6956,94
Q6970,94
Q6975,94
Q6659,94
Q6670,94
Q6678,94
Q6680,94
Q6688,94
Q6700,94
Q6709,94
Q6712,94
Q6719,94
Q6744,94
Q6757,94
Q6764,94
Q6766,94
Q6777,94
Q6785,94
Q6790,94
Q6803,94
Q6141,94
Q6177,94
Q6204,94
Q6278,94
Q6284,94
Q6288,94
Q6309,94
Q6415,94
Q6421,94
Q6431,94
Q6447,94
Q6461,94
Q6516,94
Q6531,94
Q6547,94
Q6551,94
Q6557,94
Q6560,94
Q6570,94
Q6609,94
Q6613,94
Q6618,94
Q6629,94
Q6642,94
Q6653,94
Q6566,94
Q6637,94
Q6679,94
Q6110,94
Q6344,94
Q6331,94
Q6371,94
Q6378,94
Q7944,94
Q16503,94
Q7411,94
Q12143,94
Q1411064,94
Q1930,94
Q19809,94
Q654,94
Q167,94
Q658,94
Q223,94
Q670,94
Q7217301,94
Q7130670,94
Q1455963,94
Q8072,94
Q703,94
Q7251,94
Q23442,94
Q7350,94
Q2225,94
Q1984000,94
Q10876,94
Q3870,94
Q6583,94
Q321,94
Q490,94
Q9554,94
Q682,94
Q6398678,94
Q6334099,94
Q5,94
Q339,94
Q1411322,94
Q4367791,94
Q1953,94
Q1411384,94
Q1411579,94
Q1096,94
Q1103,94
Q5577,94
Q1345,94
Q303,94
Q11650,94
Q1072,94
Q6332582,94
Q1404,94
Q1246,94
Q7604,94
Q3766,94
Q1410,94
Q1354,94
Q1603,94
Q1211,94
Q8684,94
Q1854,94
Q9312,94
Q764,94
Q5598,94
Q3863,94
Q9128,94
Q672,94
Q7328,94
Q9696,94
Q626,94
Q702,94
Q256,94
Q5686,94
Q198,94
Q899,94
Q11471,94
Q9430,94
Q19939,94
Q11042,94
Q535,94
Q12280,94
Q441,94
Q8436,94
Q5816,94
Q1311,94
Q1313,94
Q11934,94
Q3594268,94
Q3926051,94
Q9418,93
Q349,93
Q7664,93
Q7668,93
Q7577,93
Q7582,93
Q7585,93
Q7588,93
Q7602,93
Q7614,93
Q7624,93
Q7631,93
Q7645,93
Q7648,93
Q7651,93
Q7654,93
Q6801,93
Q6804,93
Q6717,93
Q6726,93
Q6728,93
Q6736,93
Q6739,93
Q6759,93
Q6772,93
Q6782,93
Q6800,93
Q6131,93
Q6148,93
Q6154,93
Q6161,93
Q6170,93
Q6182,93
Q6188,93
Q6192,93
Q6200,93
Q6212,93
Q6263,93
Q6314,93
Q6429,93
Q6436,93
Q6453,93
Q6457,93
Q6470,93
Q6479,93
Q6482,93
Q6525,93
Q6533,93
Q6554,93
Q6568,93
Q6460,93
Q6577,93
Q6608,93
Q6639,93
Q6644,93
Q6646,93
Q6665,93
Q6669,93
Q6676,93
Q6687,93
Q6693,93
Q6702,93
Q6705,93
Q6108,93
Q5619,93
Q5624,93
Q6359,93
Q6375,93
Q5436,93
Q5500,93
Q5516,93
Q5527,93
Q5537,93
Q8016,93
Q289,93
Q11256,93
Q914807,93
Q7066,93
Q569,93
Q7038228,93
Q11379,93
Q467,93
Q660,93
Q1983866,93
Q674,93
Q11629,93
Q1456250,93
Q23482,93
Q1286,93
Q1455420,93
Q11500,93
Q4367478,93
Q1411125,93
Q7362,93
Q1420,93
Q5411705,93
Q21203,93
Q867,93
Q5547114,93
Q9699900,93
Q2945667,93
Q7157802,93
Q8750,93
Q4367709,93
Q2844,93
Q1780,93
Q1457756,93
Q1456520,93
Q4049213,93
Q7207,93
Q5753390,93
Q1456430,93
Q4366397,93
Q7085149,93
Q5658978,93
Q355,93
Q8434,93
Q7184,93
Q5284,93
Q11451,93
Q80,93
Q19660,93
Q23430,93
Q4361,93
Q5412454,93
Q6394014,93
Q6332742,93
Q7628,93
Q3820,93
Q1773,93
Q11472,93
Q22664,93
Q282,93
Q23434,93
Q1865,93
Q1492,93
Q5372,93
Q1124,93
Q5151,93
Q11812,93
Q926,93
Q44,93
Q8442,93
Q318,93
Q1,93
Q5406543,93
Q1390,93
Q678,93
Q987,93
Q5838,93
Q5626735,93
Q8148,93
Q1653,93
Q1568,93
Q165,93
Q1511,93
Q4421,93
Q9036,93
Q506,93
Q5673,93
Q8597,93
Q63324398,93
Q8134,92
Q11424,92
Q11023,92
Q9215,92
Q7595,92
Q7606,92
Q7610,92
Q6810,92
Q6153,92
Q6208,92
Q6268,92
Q6299,92
Q6302,92
Q6455,92
Q6469,92
Q6517,92
Q6518,92
Q6559,92
Q6569,92
Q6594,92
Q6628,92
Q6652,92
Q4853,92
Q6708,92
Q6124,92
Q6129,92
Q6138,92
Q6144,92
Q6151,92
Q6162,92
Q6183,92
Q6213,92
Q6305,92
Q6326,92
Q6362,92
Q6420,92
Q5612,92
Q5614,92
Q5717,92
Q5726,92
Q5729,92
Q5731,92
Q5740,92
Q5769,92
Q5773,92
Q5996,92
Q6028,92
Q6062,92
Q6072,92
Q6085,92
Q6104,92
Q6159,92
Q6255,92
Q6277,92
Q6289,92
Q6327,92
Q6335,92
Q6341,92
Q6347,92
Q6350,92
Q6365,92
Q6382,92
Q6390,92
Q6398,92
Q6400,92
Q6405,92
Q6410,92
Q6416,92
Q6422,92
Q5224,92
Q5225,92
Q5232,92
Q5251,92
Q5358,92
Q5403,92
Q5405,92
Q5407,92
Q5417,92
Q5435,92
Q5483,92
Q5487,92
Q5507,92
Q5508,92
Q5522,92
Q5526,92
Q5541,92
Q5544,92
Q5564,92
Q19542,92
Q19739,92
Q19496,92
Q23876,92
Q12132,92
Q23622,92
Q568,92
Q1982926,92
Q7748,92
Q2945841,92
Q1983760,92
Q1075,92
Q1411674,92
Q1455371,92
Q1455682,92
Q1455325,92
Q650,92
Q11423,92
Q720,92
Q688,92
Q696,92
Q10943,92
Q8209,92
Q713,92
Q809,92
Q4366768,92
Q716,92
Q7150,92
Q744,92
Q758,92
Q9191,92
Q567,92
Q72,92
Q1457982,92
Q2044,92
Q10811,92
Q1761,92
Q980,92
Q10884,92
Q5682,92
Q16555,92
Q6642550,92
Q4884546,92
Q6386161,92
Q9358,92
Q7354,92
Q871,92
Q879,92
Q5401,92
Q1456095,92
Q7364,92
Q5611338,92
Q11035,92
Q641,92
Q5456,92
Q7817,92
Q7060103,92
Q92570,92
Q1411745,92
Q7043111,92
Q1455541,92
Q6965093,92
Q4026563,92
Q6387736,92
Q23538,92
Q1496,92
Q4368380,92
Q1067,92
Q23406,92
Q8261,92
Q10908,92
Q6355,92
Q6186,92
Q9021,92
Q11750,92
Q6890263,92
Q12560,92
Q11426,92
Q514,92
Q6332713,92
Q181,92
Q8963,92
Q100,92
Q991,92
Q3805,92
Q6001,92
Q11788,92
Q3856,92
Q1435,92
Q19689,92
Q3711,92
Q11317,92
Q18808,92
Q8652,92
Q2283,92
Q6447755,92
Q8074,92
Q1362,92
Q10261,92
Q7416,92
Q3561,92
Q709,92
Q19837,92
Q2102,92
Q1098,92
Q25274,92
Q8683,92
Q5878,92
Q6722,92
Q4035,92
Q7245,92
Q6332570,92
Q7188,92
Q687,92
Q7368,92
Q830,92
Q23397,92
Q7860,92
Q11460,92
Q8958,92
Q6332530,92
Q8445,92
Q8753,92
Q7275,92
Q7755,92
Q5460604,92
Q3968,91
Q578,91
Q7204,91
Q7269,91
Q545,91
Q6452,91
Q6476,91
Q6480,91
Q6522,91
Q6524,91
Q6528,91
Q6532,91
Q6561,91
Q6564,91
Q6589,91
Q6600,91
Q6611,91
Q6614,91
Q6617,91
Q6620,91
Q6631,91
Q6633,91
Q6695,91
Q6699,91
Q6113,91
Q6117,91
Q6121,91
Q6134,91
Q6155,91
Q6169,91
Q6179,91
Q6189,91
Q6201,91
Q6205,91
Q6209,91
Q6262,91
Q6267,91
Q6276,91
Q6290,91
Q6315,91
Q6342,91
Q6374,91
Q6377,91
Q6384,91
Q6402,91
Q6417,91
Q5609,91
Q5610,91
Q5716,91
Q5723,91
Q5734,91
Q5735,91
Q5742,91
Q5744,91
Q5745,91
Q5755,91
Q5767,91
Q5768,91
Q5770,91
Q5771,91
Q5782,91
Q5894,91
Q6000,91
Q6004,91
Q6007,91
Q6011,91
Q6039,91
Q6044,91
Q6051,91
Q6056,91
Q6069,91
Q6073,91
Q6077,91
Q6080,91
Q6082,91
Q6090,91
Q6094,91
Q6112,91
Q6116,91
Q6118,91
Q6123,91
Q6130,91
Q6135,91
Q6140,91
Q6143,91
Q6150,91
Q6166,91
Q6176,91
Q6185,91
Q6190,91
Q6194,91
Q6202,91
Q6207,91
Q6211,91
Q6217,91
Q6258,91
Q6261,91
Q6269,91
Q6282,91
Q6306,91
Q5226,91
Q5227,91
Q5228,91
Q5229,91
Q5230,91
Q5238,91
Q5249,91
Q5250,91
Q5255,91
Q5261,91
Q5366,91
Q5373,91
Q5379,91
Q5381,91
Q5388,91
Q5392,91
Q5393,91
Q5397,91
Q5399,91
Q5402,91
Q5410,91
Q5411,91
Q5412,91
Q5418,91
Q5421,91
Q5424,91
Q5425,91
Q5427,91
Q5430,91
Q5433,91
Q5434,91
Q5437,91
Q5438,91
Q5439,91
Q5440,91
Q5441,91
Q5482,91
Q5485,91
Q5494,91
Q5497,91
Q5498,91
Q5501,91
Q5502,91
Q5504,91
Q5506,91
Q5509,91
Q5510,91
Q5512,91
Q5514,91
Q5517,91
Q5519,91
Q5520,91
Q5521,91
Q5523,91
Q5524,91
Q5529,91
Q5530,91
Q5531,91
Q5533,91
Q5534,91
Q5536,91
Q5543,91
Q5546,91
Q5548,91
Q5549,91
Q5554,91
Q5560,91
Q10660,91
Q12053,91
Q19522,91
Q19525,91
Q19533,91
Q23983,91
Q19562,91
Q19602,91
Q19613,91
Q19629,91
Q19633,91
Q19638,91
Q19642,91
Q19646,91
Q19681,91
Q19685,91
Q19704,91
Q19736,91
Q19738,91
Q19741,91
Q19257,91
Q19267,91
Q23580,91
Q24062,91
Q24255,91
Q23654,91
Q23881,91
Q23754,91
Q23458,91
Q23420,91
Q24097,91
Q30324,91
Q23887,91
Q23885,91
Q11016,91
Q1069,91
Q23556,91
Q340,91
Q23685,91
Q7913,91
Q892,91
Q3141,91
Q11369,91
Q482,91
Q5613665,91
Q5611001,91
Q243,91
Q6534,91
Q4628,91
Q1411779,91
Q71,91
Q9592,91
Q8798,91
Q7375,91
Q4587626,91
Q4368249,91
Q722,91
Q740,91
Q861,91
Q8027,91
Q5746824,91
Q8054,91
Q1983832,91
Q26,91
Q808,91
Q8768,91
Q4026633,91
Q876,91
Q888,91
Q5621162,91
Q9698509,91
Q6333778,91
Q10672,91
Q8241,91
Q6018449,91
Q12199,91
Q11442,91
Q4368526,91
Q3044,91
Q11004,91
Q1099,91
Q1112,91
Q4612,91
Q7217348,91
Q11563,91
Q6430,91
Q323,91
Q847,91
Q6171351,91
Q7085006,91
Q708,91
Q11158,91
Q3938,91
Q6193,91
Q6413020,91
Q8486,91
Q11466,91
Q11412,91
Q6254798,91
Q3918,91
Q866,91
Q3037,91
Q9106,91
Q2280,91
Q70,91
Q7130806,91
Q14773,91
Q6577634,91
Q5389,91
Q7130828,91
Q3861,91
Q3624,91
Q1520,91
Q1461,91
Q11806,91
Q23810,91
Q7085549,91
Q7200,91
Q23387,91
Q24826,91
Q828,91
Q23505,91
Q7324,91
Q7009214,91
Q5597,91
Q16557,91
Q12544,91
Q1348,91
Q9361,91
Q994,91
Q8747,91
Q9648,91
Q7272,91
Q25291,91
Q9176,91
Q1617,91
Q3503,91
Q7296,91
Q5461161,91
Q7278,91
Q9068,91
Q9041,91
Q5679,91
Q9095,91
Q9588,91
Q10987,91
Q34296,91
Q33866,91
Q999,91
Q8006,91
Q7386,91
Q11767,91
Q7241,91
Q1128,91
Q8605,91
Q32815,91
Q1312,91
Q5676,91
Q16748603,91
Q19821,91
Q9123,91
Q12483,90
Q21201,90
Q6546,90
Q6549,90
Q6552,90
Q6556,90
Q6283,90
Q6349,90
Q6356,90
Q6360,90
Q6369,90
Q6380,90
Q6426,90
Q6433,90
Q6439,90
Q6446,90
Q5774,90
Q5792,90
Q5802,90
Q6316,90
Q5550,90
Q5551,90
Q5552,90
Q5555,90
Q5557,90
Q5559,90
Q5561,90
Q5562,90
Q5563,90
Q12069,90
Q12487,90
Q12490,90
Q13719,90
Q19508,90
Q19511,90
Q19514,90
Q19515,90
Q19519,90
Q19531,90
Q19534,90
Q19536,90
Q19538,90
Q19539,90
Q19540,90
Q23417,90
Q23998,90
Q23714,90
Q23799,90
Q30114,90
Q23827,90
Q23746,90
Q23463,90
Q19579,90
Q19582,90
Q19586,90
Q19590,90
Q19594,90
Q19599,90
Q19606,90
Q19608,90
Q19611,90
Q19614,90
Q19617,90
Q19619,90
Q19624,90
Q19627,90
Q19640,90
Q19645,90
Q19649,90
Q19650,90
Q19653,90
Q19654,90
Q19656,90
Q19659,90
Q19662,90
Q19664,90
Q19667,90
Q19672,90
Q19674,90
Q19676,90
Q19677,90
Q19678,90
Q19679,90
Q19680,90
Q19687,90
Q19688,90
Q19690,90
Q19692,90
Q19693,90
Q19694,90
Q19696,90
Q19698,90
Q19702,90
Q19708,90
Q19723,90
Q19728,90
Q19729,90
Q19730,90
Q19731,90
Q19732,90
Q19735,90
Q19743,90
Q19745,90
Q19747,90
Q19749,90
Q19750,90
Q19752,90
Q18452,90
Q19219,90
Q19223,90
Q19235,90
Q19238,90
Q19249,90
Q19251,90
Q19255,90
Q19261,90
Q19263,90
Q19265,90
Q19301,90
Q19321,90
Q19335,90
Q19341,90
Q19343,90
Q19369,90
Q19377,90
Q19380,90
Q19387,90
Q19432,90
Q19439,90
Q19441,90
Q19450,90
Q19468,90
Q19480,90
Q23460,90
Q23587,90
Q23630,90
Q30100,90
Q24239,90
Q24875,90
Q24163,90
Q30463,90
Q24775,90
Q30362,90
Q30102,90
Q23409,90
Q23656,90
Q23422,90
Q23830,90
Q23740,90
Q24179,90
Q24146,90
Q23893,90
Q24352,90
Q23449,90
Q30175,90
Q23586,90
Q23851,90
Q23579,90
Q30168,90
Q23711,90
Q23606,90
Q23705,90
Q23568,90
Q23562,90
Q23951,90
Q23647,90
Q23743,90
Q23699,90
Q23918,90
Q23708,90
Q24047,90
Q23717,90
Q23575,90
Q23781,90
Q23737,90
Q23782,90
Q23795,90
Q30318,90
Q23784,90
Q23780,90
Q23934,90
Q23414,90
Q23644,90
Q23475,90
Q23702,90
Q23730,90
Q23724,90
Q24114,90
Q23794,90
Q23452,90
Q23571,90
Q23791,90
Q18453,90
Q30557,90
Q31558,90
Q31147,90
Q31078,90
Q31116,90
Q33470,90
Q30887,90
Q30447,90
Q33452,90
Q31902,90
Q33460,90
Q23677,90
Q30008,90
Q23819,90
Q23447,90
Q23913,90
Q24754,90
Q30382,90
Q30580,90
Q30468,90
Q24131,90
Q23734,90
Q30116,90
Q24783,90
Q12554,90
Q584,90
Q23559,90
Q618,90
Q4026570,90
Q11768,90
Q1411621,90
Q731,90
Q23661,90
Q8070,90
Q21199,90
Q23809,90
Q7130774,90
Q9364,90
Q195,90
Q1867,90
Q34670,90
Q9056,90
Q1073,90
Q11032,90
Q725,90
Q6436127,90
Q1983910,90
Q16465,90
Q5544939,90
Q1731,90
Q6882,90
Q5626124,90
Q4266974,90
Q5543187,90
Q7838,90
Q5626440,90
Q5614597,90
Q3757,90
Q431,90
Q472,90
Q2634,90
Q23441,90
Q1456388,90
Q1399,90
Q938,90
Q9067,90
Q7008726,90
Q1850,90
Q7130836,90
Q7802,90
Q6999772,90
Q1046,90
Q1091,90
Q1100,90
Q1108,90
Q15862,90
Q33506,90
Q7130958,90
Q7942,90
Q8877,90
Q7085,90
Q1254,90
Q1455797,90
Q7226,90
Q3114,90
Q8479,90
Q34600,90
Q1290,90
Q446,90
Q24318,90
Q24333,90
Q462,90
Q6206,90
Q2868,90
Q180,90
Q95,90
Q1247,90
Q7363,90
Q4046581,90
Q5208,90
Q7192,90
Q19848,90
Q7868,90
Q7130826,90
Q8660,90
Q3692,90
Q6402086,90
Q269,90
Q43387,90
Q7130129,90
Q880,90
Q9381,90
Q7186089,90
Q958,90
Q23883,90
Q5664827,90
Q9610,90
Q8018,90
Q1398,90
Q5090,90
Q5089,90
Q531,90
Q8171,90
Q12501,90
Q316,90
Q35149,90
Q7569,90
Q11574,90
Q5589,90
Q6332599,90
Q942,90
Q34172,90
Q8011,90
Q7374,90
Q13909,90
Q1047,90
Q1102,90
Q9333,90
Q5835131,90
Q6573202,90
Q28132212,90
Q4966679,90
Q35,89
Q6411,89
Q19224,89
Q5049,89
Q19231,89
Q19232,89
Q19233,89
Q19236,89
Q19237,89
Q19239,89
Q19241,89
Q19243,89
Q19245,89
Q19247,89
Q19252,89
Q19269,89
Q19271,89
Q19273,89
Q19274,89
Q19315,89
Q19318,89
Q19324,89
Q19325,89
Q19328,89
Q19337,89
Q19342,89
Q19346,89
Q19349,89
Q19351,89
Q19354,89
Q19357,89
Q19360,89
Q19361,89
Q19363,89
Q19366,89
Q19368,89
Q19371,89
Q19375,89
Q19383,89
Q19385,89
Q19396,89
Q19400,89
Q19407,89
Q19411,89
Q19418,89
Q19421,89
Q19424,89
Q19428,89
Q19435,89
Q19437,89
Q19438,89
Q19440,89
Q19443,89
Q19445,89
Q19448,89
Q19452,89
Q19455,89
Q19459,89
Q19460,89
Q19457,89
Q19461,89
Q19463,89
Q19465,89
Q19466,89
Q19472,89
Q19474,89
Q19478,89
Q19485,89
Q19488,89
Q19493,89
Q23837,89
Q24860,89
Q24855,89
Q24031,89
Q24802,89
Q23877,89
Q23787,89
Q24219,89
Q30108,89
Q23651,89
Q23821,89
Q24789,89
Q23803,89
Q23584,89
Q23720,89
Q24794,89
Q24199,89
Q23750,89
Q23840,89
Q23785,89
Q24080,89
Q23494,89
Q23496,89
Q23511,89
Q23601,89
Q23620,89
Q23631,89
Q23634,89
Q30692,89
Q30564,89
Q25021,89
Q30452,89
Q30519,89
Q31175,89
Q30554,89
Q30327,89
Q30721,89
Q33488,89
Q29992,89
Q30388,89
Q29998,89
Q30389,89
Q30366,89
Q30671,89
Q29946,89
Q31114,89
Q30360,89
Q29917,89
Q29920,89
Q30372,89
Q23900,89
Q29936,89
Q24870,89
Q23469,89
Q30364,89
Q29966,89
Q24993,89
Q25052,89
Q25041,89
Q30350,89
Q23872,89
Q30347,89
Q25061,89
Q23917,89
Q23629,89
Q23843,89
Q25001,89
Q23618,89
Q23824,89
Q30355,89
Q23895,89
Q24894,89
Q24683,89
Q25010,89
Q29956,89
Q23833,89
Q30481,89
Q30593,89
Q24762,89
Q30465,89
Q30089,89
Q30601,89
Q30785,89
Q23478,89
Q12204,89
Q1533,89
Q9158,89
Q5432,89
Q23108,89
Q23691,89
Q11982,89
Q23498,89
Q12439,89
Q6893074,89
Q11633,89
Q12457,89
Q7937,89
Q1063,89
Q7026,89
Q14660,89
Q7918,89
Q365,89
Q2294,89
Q34404,89
Q24639,89
Q5849653,89
Q5610183,89
Q6654,89
Q4095812,89
Q1052,89
Q5567997,89
Q4692,89
Q8463,89
Q5813,89
Q6396356,89
Q6396835,89
Q381,89
Q1959,89
Q6204331,89
Q17278,89
Q6892714,89
Q23436,89
Q1770,89
Q1412,89
Q6607,89
Q979,89
Q12206,89
Q9135,89
Q5624899,89
Q5626618,89
Q7098184,89
Q4368574,89
Q6577596,89
Q6891951,89
Q2095,89
Q1119,89
Q3769,89
Q18498,89
Q1426,89
Q11759,89
Q11651,89
Q1411463,89
Q1406,89
Q11639,89
Q8078,89
Q6592099,89
Q1764,89
Q392,89
Q31487,89
Q8091,89
Q3761,89
Q7216239,89
Q24886,89
Q4368197,89
Q925,89
Q7084421,89
Q23800,89
Q7020538,89
Q216,89
Q7130516,89
Q437,89
Q7130650,89
Q3196,89
Q3838,89
Q4367074,89
Q11002,89
Q9439,89
Q7083809,89
Q6519933,89
Q743,89
Q444,89
Q9326,89
Q2471,89
Q3826,89
Q9270,89
Q918,89
Q53636,89
Q8785,89
Q23635,89
Q9368,89
Q34479,89
Q8676,89
Q4917,89
Q6527,89
Q877,89
Q7804,89
Q7348,89
Q3,89
Q6097,89
Q312,89
Q7239,89
Q7795,89
Q23400,89
Q500,89
Q635,89
Q615,89
Q9049,89
Q27275,89
Q1314,89
Q9038,89
Q234679,89
Q932,89
Q7181,89
Q34001,89
Q11571,89
Q671,89
Q7366,89
Q6561373,89
Q6647473,89
Q6647244,89
Q6581609,89
Q6647384,89
Q6581697,89
Q6553818,89
Q6647371,89
Q6647661,89
Q6563482,89
Q6647761,89
Q7030187,89
Q6647582,89
Q6647704,89
Q34787,89
Q8772,89
Q388,88
Q1344,88
Q3926,88
Q19348,88
Q19359,88
Q19404,88
Q24857,88
Q24274,88
Q24369,88
Q30470,88
Q24297,88
Q24014,88
Q24867,88
Q23497,88
Q23500,88
Q23503,88
Q23504,88
Q23506,88
Q23510,88
Q23514,88
Q23518,88
Q23519,88
Q23521,88
Q23523,88
Q23525,88
Q23528,88
Q23531,88
Q23532,88
Q23534,88
Q23537,88
Q23539,88
Q23541,88
Q23542,88
Q23545,88
Q23549,88
Q23552,88
Q23555,88
Q23557,88
Q23560,88
Q23561,88
Q23563,88
Q23566,88
Q23569,88
Q23570,88
Q23573,88
Q23576,88
Q23581,88
Q23583,88
Q23585,88
Q23588,88
Q23593,88
Q23597,88
Q23608,88
Q23612,88
Q23616,88
Q23621,88
Q23624,88
Q23639,88
Q23642,88
Q23646,88
Q23650,88
Q31121,88
Q31135,88
Q30538,88
Q30532,88
Q30552,88
Q30514,88
Q31163,88
Q31216,88
Q30561,88
Q29961,88
Q30697,88
Q29950,88
Q30729,88
Q31131,88
Q30528,88
Q30075,88
Q30690,88
Q30714,88
Q31124,88
Q30550,88
Q30083,88
Q30307,88
Q25030,88
Q25083,88
Q30343,88
Q24872,88
Q30615,88
Q29928,88
Q29944,88
Q30353,88
Q24624,88
Q30376,88
Q30352,88
Q30375,88
Q30357,88
Q30456,88
Q30377,88
Q30381,88
Q23894,88
Q24957,88
Q25093,88
Q23838,88
Q23874,88
Q24730,88
Q23835,88
Q25103,88
Q30454,88
Q30354,88
Q23902,88
Q30380,88
Q30383,88
Q30367,88
Q24981,88
Q25073,88
Q30370,88
Q30374,88
Q30371,88
Q23897,88
Q24714,88
Q30368,88
Q30369,88
Q23816,88
Q23815,88
Q23905,88
Q23910,88
Q30577,88
Q25586,88
Q31823,88
Q30326,88
Q31042,88
Q30430,88
Q30592,88
Q30126,88
Q30626,88
Q33275,88
Q30179,88
Q30308,88
Q31128,88
Q23484,88
Q23610,88
Q30710,88
Q30322,88
Q32224,88
Q33651,88
Q30984,88
Q32201,88
Q31934,88
Q30052,88
Q24654,88
Q31250,88
Q23869,88
Q24444,88
Q23688,88
Q33113,88
Q23850,88
Q30298,88
Q1357,88
Q19647,88
Q19636,88
Q19610,88
Q19774,88
Q23348,88
Q23339,88
Q9143,88
Q7321,88
Q3142,88
Q176,88
Q7215366,88
Q5755299,88
Q5626361,88
Q36600,88
Q565,88
Q5580,88
Q4367632,88
Q1718,88
Q12546,88
Q1054,88
Q11473,88
Q8216,88
Q7886,88
Q8928,88
Q2256,88
Q2348,88
Q9601,88
Q7022229,88
Q19546,88
Q5546014,88
Q1022,88
Q1199,88
Q17070,88
Q12156,88
Q7216108,88
Q895,88
Q6394918,88
Q7432,88
Q8055354,88
Q37129,88
Q7130233,88
Q4095469,88
Q1456631,88
Q1133,88
Q11658,88
Q1335,88
Q11652,88
Q7217485,88
Q7076967,88
Q4056905,88
Q5608148,88
Q374365,88
Q4103249,88
Q16554,88
Q4367403,88
Q4368434,88
Q1038,88
Q1053,88
Q87,88
Q5880,88
Q5705,88
Q1317,88
Q17714,88
Q30547,88
Q1479,88
Q8094,88
Q9916,88
Q11376,88
Q1149,88
Q6606401,88
Q31119,88
Q1715,88
Q11432,88
Q8146,88
Q23768,88
Q7130748,88
Q23604,88
Q6294,88
Q1563,88
Q7130683,88
Q612,88
Q7088124,88
Q384,88
Q23334,88
Q1863,88
Q11194,88
Q5609626,88
Q5369,88
Q684,88
Q19675,88
Q3787,88
Q8673,88
Q3894,88
Q3572,88
Q5882248,88
Q16556,88
Q36107,88
Q1519,88
Q9353,88
Q7430,88
Q1268,88
Q156,88
Q5994,88
Q7326,88
Q5513,88
Q430,88
Q6408768,88
Q9181,88
Q9347,88
Q3882,88
Q9279,88
Q9582,88
Q8068,88
Q23548,88
Q5412021,88
Q34086,88
Q4368335,88
Q5601572,88
Q16553,88
Q5812,88
Q3542,88
Q34589,88
Q28425,88
Q8581,88
Q18013,88
Q728,88
Q12147,88
Q33999,88
Q34038,88
Q10285,88
Q23501,88
Q9141,88
Q6390878,88
Q5586,88
Q1360,88
Q450675,88
Q34743,88
Q11613,88
Q9317,88
Q9159,88
Q7199,88
Q15379728,88
Q9438,88
Q30185,88
Q7283,88
Q1779,88
Q6939562,88
Q737,88
Q751,88
Q5608,88
Q34413,88
Q1253,88
Q11635,88
Q11173,88
Q2945300,88
Q6647745,88
Q6647396,88
Q9719297,88
Q6647981,88
Q6647898,88
Q6938082,88
Q6646745,88
Q6939497,88
Q4203948,88
Q6646778,88
Q6936971,88
Q9712628,88
Q9706336,88
Q6647300,88
Q6490896,88
Q6553799,88
Q5610604,88
Q9713062,88
Q6939401,88
Q7037866,88
Q6647956,88
Q6647521,88
Q6135664,88
Q6640457,88
Q9705570,88
Q6646943,88
Q6135380,88
Q9700732,88
Q6647798,88
Q6562333,88
Q6647142,88
Q5834038,88
Q6647913,88
Q6562578,88
Q6647669,88
Q9704085,88
Q6647168,88
Q9698667,88
Q6647454,88
Q6646837,88
Q6646969,88
Q6165106,88
Q6022566,88
Q5611517,88
Q5610741,88
Q5611179,88
Q3947,88
Q6939347,88
Q11577,88
Q2934,88
Q21198,87
Q16635,87
Q30021,87
Q30016,87
Q30597,87
Q30586,87
Q31050,87
Q31048,87
Q33252,87
Q31043,87
Q31037,87
Q30897,87
Q31790,87
Q31770,87
Q31032,87
Q31064,87
Q33267,87
Q33263,87
Q31036,87
Q31035,87
Q31055,87
Q33238,87
Q31044,87
Q33247,87
Q31052,87
Q33258,87
Q31060,87
Q31577,87
Q33288,87
Q31056,87
Q31779,87
Q33294,87
Q31601,87
Q31701,87
Q31676,87
Q30872,87
Q31634,87
Q31040,87
Q33285,87
Q31111,87
Q30618,87
Q31117,87
Q31095,87
Q31104,87
Q30094,87
Q31109,87
Q30045,87
Q31088,87
Q31090,87
Q30176,87
Q31092,87
Q30084,87
Q31127,87
Q31122,87
Q30621,87
Q505,87
Q30702,87
Q31115,87
Q31100,87
Q30722,87
Q31105,87
Q30302,87
Q30523,87
Q31098,87
Q30622,87
Q23448,87
Q23451,87
Q23453,87
Q30342,87
Q30607,87
Q33496,87
Q33480,87
Q30619,87
Q30303,87
Q30443,87
Q30526,87
Q23472,87
Q23474,87
Q23477,87
Q23480,87
Q23483,87
Q23486,87
Q23489,87
Q23491,87
Q23493,87
Q31024,87
Q30262,87
Q31910,87
Q32881,87
Q31977,87
Q32901,87
Q30183,87
Q32899,87
Q31436,87
Q31642,87
Q31834,87
Q31031,87
Q32911,87
Q31025,87
Q32908,87
Q30894,87
Q32871,87
Q30393,87
Q30482,87
Q31802,87
Q31019,87
Q31014,87
Q32894,87
Q30870,87
Q33631,87
Q30321,87
Q31012,87
Q32860,87
Q31010,87
Q31004,87
Q30904,87
Q30907,87
Q32150,87
Q30943,87
Q25266,87
Q32167,87
Q32254,87
Q30473,87
Q31086,87
Q32769,87
Q32560,87
Q32687,87
Q33782,87
Q32557,87
Q32609,87
Q32555,87
Q33422,87
Q33409,87
Q30475,87
Q49189,87
Q33908,87
Q32597,87
Q32524,87
Q32517,87
Q32039,87
Q33524,87
Q32548,87
Q32247,87
Q32212,87
Q32183,87
Q32151,87
Q30891,87
Q32160,87
Q31429,87
Q32710,87
Q33746,87
Q32774,87
Q33625,87
Q31459,87
Q25621,87
Q31183,87
Q33386,87
Q31761,87
Q30070,87
Q30445,87
Q30269,87
Q30794,87
Q32507,87
Q30432,87
Q30909,87
Q30922,87
Q30500,87
Q30834,87
Q30828,87
Q30497,87
Q30299,87
Q30150,87
Q30451,87
Q30506,87
Q30918,87
Q30823,87
Q30494,87
Q32114,87
Q31853,87
Q31611,87
Q30979,87
Q30910,87
Q30329,87
Q30284,87
Q30492,87
Q31001,87
Q30080,87
Q30315,87
Q31686,87
Q30806,87
Q30899,87
Q32092,87
Q25641,87
Q24696,87
Q30305,87
Q47926,87
Q47970,87
Q48131,87
Q23813,87
Q24767,87
Q29970,87
Q30779,87
Q30566,87
Q30039,87
Q30320,87
Q33646,87
Q31228,87
Q30750,87
Q30058,87
Q30304,87
Q30913,87
Q31257,87
Q31712,87
Q33737,87
Q32088,87
Q32194,87
Q30484,87
Q30442,87
Q31262,87
Q32129,87
Q31842,87
Q32054,87
Q30992,87
Q30956,87
Q33318,87
Q32139,87
Q24408,87
Q29990,87
Q23863,87
Q24421,87
Q30941,87
Q29980,87
Q24431,87
Q30439,87
Q30631,87
Q24970,87
Q24463,87
Q24670,87
Q30003,87
Q30000,87
Q24397,87
Q30297,87
Q31346,87
Q34237,87
Q30648,87
Q31319,87
Q30664,87
Q30884,87
Q23344,87
Q23176,87
Q23515,87
Q23378,87
Q23411,87
Q23596,87
Q23591,87
Q23602,87
Q23756,87
Q23777,87
Q30256,87
Q30184,87
Q23509,87
Q26540,87
Q2042,87
Q7590,87
Q23404,87
Q5785,87
Q1088,87
Q6894431,87
Q6983038,87
Q9259,87
Q5463,87
Q9043,87
Q9035,87
Q197,87
Q456,87
Q164,87
Q7022215,87
Q6672099,87
Q18094,87
Q7231,87
Q3718,87
Q23492,87
Q1074,87
Q3703,87
Q1202,87
Q33760,87
Q495,87
Q6975863,87
Q10915,87
Q7217521,87
Q5541223,87
Q4439,87
Q6501021,87
Q6400255,87
Q7059785,87
Q10990,87
Q12548,87
Q3919792,87
Q1106,87
Q4105269,87
Q2277,87
Q1121,87
Q1316,87
Q11656,87
Q1208,87
Q1457109,87
Q6882804,87
Q7130966,87
Q12802,87
Q34664,87
Q5741923,87
Q6986142,87
Q2763,87
Q9676,87
Q1089,87
Q1094,87
Q6636,87
Q383541,87
Q11358,87
Q199,87
Q780,87
Q7139164,87
Q7546,87
Q30487,87
Q5339,87
Q4724,87
Q34189,87
Q5604,87
Q1455583,87
Q8458,87
Q30684,87
Q5625881,87
Q12638,87
Q3579,87
Q11427,87
Q7130590,87
Q7235794,87
Q7130638,87
Q7074713,87
Q21197,87
Q11420,87
Q1734,87
Q1248784,87
Q3844,87
Q7315,87
Q2900,87
Q6223,87
Q35178,87
Q4605,87
Q1963,87
Q4093,87
Q1497,87
Q21204,87
Q9232,87
Q11815,87
Q7009036,87
Q1456051,87
Q37030,87
Q6334220,87
Q5428,87
Q2933,87
Q37400,87
Q9640,87
Q11995,87
Q8275,87
Q8413,87
Q11435,87
Q11570,87
Q11813,87
Q9292,87
Q35484,87
Q17012,87
Q33946,87
Q8425,87
Q19878,87
Q6332672,87
Q34433,87
Q6939531,87
Q23522,87
Q7317,87
Q34453,87
Q7825,87
Q503,87
Q5611101,87
Q287,87
Q5683,87
Q6588052,87
Q8462,87
Q11474,87
Q2813,87
Q25241,87
Q11817,87
Q13924,87
Q23425,87
Q7372,87
Q9081,87
Q83338,87
Q8962,87
Q11464,87
Q16867,87
Q12791,87
Q12136,87
Q36970,87
Q9598,87
Q6647944,87
Q6561673,87
Q6648015,87
Q9717187,87
Q9700833,87
Q6647729,87
Q6582675,87
Q6577839,87
Q6938923,87
Q6647540,87
Q6561832,87
Q5614130,87
Q6938941,87
Q6914491,87
Q6939076,87
Q6938625,87
Q6939278,87
Q6646035,87
Q6939247,87
Q6561429,87
Q1706791,87
Q6561391,87
Q5611456,87
Q6939463,87
Q6562733,87
Q6562443,87
Q6562001,87
Q7020602,87
Q6937603,87
Q5612026,87
Q6935807,87
Q5611031,87
Q7069229,87
Q6562702,87
Q6937873,87
Q6936330,87
Q5614165,87
Q6637307,87
Q6646496,87
Q5611589,87
Q6938333,87
Q5866740,87
Q6561488,87
Q6939166,87
Q6938845,87
Q6563334,87
Q6647153,87
Q6939434,87
Q5611623,87
Q6647994,87
Q6646955,87
Q6936594,87
Q7021195,87
Q9700768,87
Q6938449,87
Q6640583,87
Q6646443,87
Q6647036,87
Q6647069,87
Q6647483,87
Q6562297,87
Q6647616,87
Q6647839,87
Q6548078,87
Q6647191,87
Q6547526,87
Q6641382,87
Q9699479,87
Q6640272,87
Q6134977,87
Q6562369,87
Q6561726,87
Q5835830,87
Q6647312,87
Q6647554,87
Q9711672,87
Q6647821,87
Q6647784,87
Q6938527,87
Q6647427,87
Q6563428,87
Q6648048,87
Q6646901,87
Q6646472,87
Q5610447,87
Q5606837,87
Q5610494,87
Q5611236,87
Q5610830,87
Q5611767,87
Q5611720,87
Q5612007,87
Q5611814,87
Q5611885,87
Q5867133,87
Q6935961,87
Q6935909,87
Q6935554,87
Q6935121,87
Q8063,87
Q9130,87
Q7037581,87
Q40904,87
Q34647,86
Q6927,86
Q6955,86
Q30312,86
Q30975,86
Q31072,86
Q32909,86
Q31027,86
Q30977,86
Q30976,86
Q31993,86
Q32887,86
Q49187,86
Q32902,86
Q32903,86
Q32891,86
Q33719,86
Q34043,86
Q33727,86
Q33889,86
Q33847,86
Q33877,86
Q34050,86
Q30458,86
Q30161,86
Q33562,86
Q30906,86
Q31205,86
Q31667,86
Q31168,86
Q33327,86
Q30902,86
Q31195,86
Q32146,86
Q30734,86
Q31160,86
Q33308,86
Q31141,86
Q33301,86
Q31154,86
Q33548,86
Q32352,86
Q49180,86
Q31869,86
Q24851,86
Q32534,86
Q30981,86
Q32541,86
Q31588,86
Q31811,86
Q31879,86
Q30987,86
Q30945,86
Q32727,86
Q32261,86
Q31957,86
Q33642,86
Q33724,86
Q32336,86
Q32270,86
Q30862,86
Q32042,86
Q30882,86
Q32828,86
Q32437,86
Q31894,86
Q32369,86
Q32360,86
Q32577,86
Q48076,86
Q48123,86
Q30387,86
Q30333,86
Q30571,86
Q30819,86
Q31268,86
Q30331,86
Q30841,86
Q32974,86
Q32955,86
Q32938,86
Q31648,86
Q32030,86
Q31253,86
Q30866,86
Q31243,86
Q31247,86
Q30857,86
Q30770,86
Q33009,86
Q32995,86
Q32175,86
Q30323,86
Q30742,86
Q31237,86
Q31547,86
Q30753,86
Q30032,86
Q32065,86
Q30952,86
Q32076,86
Q32666,86
Q32308,86
Q33855,86
Q31661,86
Q32674,86
Q32624,86
Q31967,86
Q33804,86
Q32344,86
Q31521,86
Q31531,86
Q30311,86
Q32113,86
Q32189,86
Q32657,86
Q32719,86
Q32124,86
Q33512,86
Q32797,86
Q32035,86
Q32502,86
Q32237,86
Q33533,86
Q32046,86
Q33744,86
Q32479,86
Q32499,86
Q33755,86
Q32320,86
Q32132,86
Q32022,86
Q31925,86
Q33553,86
Q33568,86
Q32377,86
Q30640,86
Q30936,86
Q31329,86
Q30939,86
Q30658,86
Q33127,86
Q30935,86
Q30764,86
Q31740,86
Q33099,86
Q31498,86
Q31338,86
Q30652,86
Q31359,86
Q23615,86
Q985,86
Q37193,86
Q30291,86
Q30023,86
Q24577,86
Q30385,86
Q30295,86
Q24594,86
Q30930,86
Q24810,86
Q24743,86
Q25221,86
Q31282,86
Q30437,86
Q30300,86
Q30065,86
Q33959,86
Q19620,86
Q23763,86
Q23761,86
Q23236,86
Q23772,86
Q30238,86
Q30251,86
Q23456,86
Q23847,86
Q23854,86
Q23694,86
Q30310,86
Q24847,86
Q30221,86
Q23507,86
Q23859,86
Q24844,86
Q31365,86
Q30575,86
Q5377,86
Q19828,86
Q5375,86
Q19020,86
Q6091158,86
Q7785,86
Q171,86
Q1457332,86
Q23444,86
Q3133,86
Q7144653,86
Q1281,86
Q6882623,86
Q6982918,86
Q239,86
Q698,86
Q1203,86
Q11761,86
Q1084,86
Q9091,86
Q8229,86
Q294,86
Q1842,86
Q24905,86
Q8337,86
Q3921,86
Q16957,86
Q2079,86
Q6677698,86
Q7094269,86
Q7022216,86
Q7022214,86
Q7022210,86
Q7055713,86
Q1984047,86
Q5541627,86
Q12725,86
Q32570,86
Q6249834,86
Q34932,86
Q35409,86
Q7130991,86
Q7347,86
Q933,86
Q5412012,86
Q9147,86
Q5544913,86
Q6396530,86
Q6332910,86
Q35591,86
Q4048867,86
Q6400064,86
Q6891421,86
Q6816704,86
Q7132839,86
Q5603,86
Q11402,86
Q8748,86
Q8084,86
Q7084570,86
Q35666,86
Q34217,86
Q1396,86
Q1801,86
Q1880,86
Q5283,86
Q32149,86
Q9377,86
Q4966070,86
Q7215431,86
Q596,86
Q7047623,86
Q6891059,86
Q36180,86
Q6610935,86
Q9365,86
Q941,86
Q1087,86
Q1123,86
Q10737,86
Q11030,86
Q9659,86
Q32702,86
Q6474435,86
Q14196,86
Q34211,86
Q31474,86
Q1456320,86
Q6581695,86
Q6884048,86
Q6888057,86
Q6985364,86
Q2840,86
Q12567,86
Q7252,86
Q33971,86
Q19683,86
Q7130777,86
Q5461410,86
Q7343,86
Q5083,86
Q4156,86
Q7235877,86
Q32112,86
Q7059874,86
Q667,86
Q679,86
Q659,86
Q52496,86
Q3551,86
Q3777,86
Q3929,86
Q2449,86
Q12897,86
Q914,86
Q10998,86
Q11582,86
Q35525,86
Q478595,86
Q8355,86
Q7264,86
Q34969,86
Q8341,86
Q11820,86
Q1458209,86
Q23438,86
Q34201,86
Q26825,86
Q6938801,86
Q6105,86
Q15869,86
Q6888719,86
Q8461,86
Q6491485,86
Q3914,86
Q7768,86
Q18221,86
Q6332719,86
Q14112,86
Q1462,86
Q1460,86
Q1747689,86
Q1458521,86
Q35041,86
Q23380,86
Q9165,86
Q6346,86
Q83287,86
Q7235,86
Q6434929,86
Q11446,86
Q870,86
Q4213,86
Q7355,86
Q466,86
Q8196,86
Q3808,86
Q1364,86
Q35236,86
Q12325,86
Q11816,86
Q4087,86
Q6216,86
Q5264,86
Q944,86
Q7367,86
Q7071,86
Q23390,86
Q6938714,86
Q1115,86
Q1105,86
Q3335,86
Q5864898,86
Q6647874,86
Q6938262,86
Q6938770,86
Q9707746,86
Q6938895,86
Q10209257,86
Q6939312,86
Q6939134,86
Q6939047,86
Q6939585,86
Q6938589,86
Q6646248,86
Q6935726,86
Q6562188,86
Q7037904,86
Q7037974,86
Q7091367,86
Q6647258,86
Q7037450,86
Q7037496,86
Q5865243,86
Q6935018,86
Q6647022,86
Q5607069,86
Q6933416,86
Q5612163,86
Q7037665,86
Q6939195,86
Q6135340,86
Q6938689,86
Q7069227,86
Q6938829,86
Q7079805,86
Q6646328,86
Q6934594,86
Q6648076,86
Q6490926,86
Q6648064,86
Q5614242,86
Q7037417,86
Q6880117,86
Q6561705,86
Q6646925,86
Q6936940,86
Q6937006,86
Q6937059,86
Q6561517,86
Q6645724,86
Q6647051,86
Q9710303,86
Q6646663,86
Q7037824,86
Q6937754,86
Q6135626,86
Q6647132,86
Q6937165,86
Q6937191,86
Q6937556,86
Q6615828,86
Q6646544,86
Q6646305,86
Q6470710,86
Q6646994,86
Q6646646,86
Q6646147,86
Q6561803,86
Q6647690,86
Q6647084,86
Q6555288,86
Q6646822,86
Q4834,86
Q6646696,86
Q5610322,86
Q6935264,86
Q37681,86
Q5611986,86
Q5611063,86
Q5610795,86
Q5611294,86
Q5610519,86
Q5610360,86
Q5610871,86
Q5611663,86
Q7037625,86
Q6936113,86
Q6934971,86
Q6934451,86
Q7037325,86
Q7021922,86
Q6932892,86
Q9585,86
Q11205,86
Q6932368,86
Q7134786,86
Q8142,86
Q23666,85
Q19814,85
Q32917,85
Q30900,85
Q30479,85
Q30512,85
Q32757,85
Q32745,85
Q32753,85
Q30997,85
Q30141,85
Q32736,85
Q32764,85
Q32767,85
Q31510,85
Q32761,85
Q30491,85
Q32402,85
Q32695,85
Q32001,85
Q32386,85
Q32230,85
Q31729,85
Q32642,85
Q32650,85
Q33433,85
Q33640,85
Q31076,85
Q33397,85
Q33636,85
Q32330,85
Q30989,85
Q33542,85
Q32427,85
Q32584,85
Q30950,85
Q33359,85
Q34068,85
Q32836,85
Q31407,85
Q34056,85
Q33382,85
Q37117,85
Q31568,85
Q32007,85
Q32105,85
Q32282,85
Q32101,85
Q32415,85
Q47884,85
Q47886,85
Q34061,85
Q34539,85
Q32680,85
Q32144,85
Q33734,85
Q33232,85
Q32633,85
Q32121,85
Q30544,85
Q33576,85
Q33579,85
Q32275,85
Q33588,85
Q47937,85
Q33897,85
Q47943,85
Q32448,85
Q32458,85
Q47953,85
Q32851,85
Q47962,85
Q37140,85
Q32844,85
Q32289,85
Q48000,85
Q48012,85
Q48018,85
Q34141,85
Q34902,85
Q48040,85
Q48043,85
Q48045,85
Q37154,85
Q34157,85
Q33674,85
Q34512,85
Q48069,85
Q33689,85
Q34118,85
Q35302,85
Q48099,85
Q48104,85
Q48110,85
Q48113,85
Q48117,85
Q48126,85
Q48139,85
Q48141,85
Q48146,85
Q48150,85
Q30569,85
Q32109,85
Q32466,85
Q49170,85
Q23879,85
Q33082,85
Q31624,85
Q33149,85
Q31380,85
Q31372,85
Q33137,85
Q31654,85
Q33023,85
Q7397,85
Q30929,85
Q29976,85
Q30277,85
Q29987,85
Q30384,85
Q30932,85
Q30678,85
Q24916,85
Q30280,85
Q31289,85
Q31296,85
Q30344,85
Q33035,85
Q31275,85
Q31620,85
Q33193,85
Q33179,85
Q31352,85
Q31368,85
Q31393,85
Q31386,85
Q31400,85
Q33340,85
Q33222,85
Q33201,85
Q30574,85
Q33053,85
Q31751,85
Q30336,85
Q30837,85
Q33212,85
Q31542,85
Q33165,85
Q33067,85
Q24507,85
Q23672,85
Q23857,85
Q24560,85
Q23774,85
Q2360,85
Q24816,85
Q23866,85
Q23295,85
Q24607,85
Q23778,85
Q23779,85
Q23335,85
Q23849,85
Q30243,85
Q30313,85
Q24535,85
Q24938,85
Q30957,85
Q30316,85
Q30390,85
Q30236,85
Q30969,85
Q24927,85
Q30406,85
Q30214,85
Q30227,85
Q30203,85
Q30427,85
Q30190,85
Q24836,85
Q30424,85
Q30960,85
Q30489,85
Q7318,85
Q35765,85
Q886,85
Q34726,85
Q22856,85
Q8441,85
Q11351,85
Q9671,85
Q6597144,85
Q1198,85
Q648,85
Q8366,85
Q9072,85
Q9063,85
Q6602,85
Q1449,85
Q6677658,85
Q6671991,85
Q3739,85
Q3897,85
Q11469,85
Q17063,85
Q9134,85
Q3935,85
Q10856,85
Q34740,85
Q7560,85
Q5849863,85
Q6446232,85
Q7311958,85
Q6889384,85
Q7018418,85
Q5321,85
Q6487149,85
Q7213754,85
Q3230,85
Q2269,85
Q34763,85
Q1792,85
Q7156,85
Q1872,85
Q30849,85
Q7486603,85
Q12892,85
Q7130694,85
Q7130507,85
Q6397340,85
Q7087305,85
Q943,85
Q1086,85
Q28513,85
Q2944440,85
Q454,85
Q39420,85
Q9465,85
Q6159053,85
Q37064,85
Q253414,85
Q11028,85
Q34286,85
Q1455495,85
Q12090,85
Q7946,85
Q12585,85
Q7087982,85
Q265868,85
Q12876,85
Q32296,85
Q16574,85
Q38234,85
Q5460837,85
Q787,85
Q7217946,85
Q3001,85
Q7037170,85
Q17517,85
Q7130771,85
Q8912953,85
Q1844,85
Q7085289,85
Q34713,85
Q34095,85
Q3919,85
Q3748,85
Q3825,85
Q3915,85
Q37312,85
Q3859,85
Q18125,85
Q3780,85
Q7087809,85
Q19088,85
Q1877,85
Q5112,85
Q6529139,85
Q3492,85
Q38111,85
Q7923975,85
Q23197,85
Q6518982,85
Q7217320,85
Q9077,85
Q1353,85
Q34362,85
Q5123,85
Q23681,85
Q5588,85
Q12078,85
Q36288,85
Q11019,85
Q9310,85
Q9200,85
Q8740,85
Q9316,85
Q11024,85
Q6544657,85
Q345,85
Q34675,85
Q5505,85
Q532,85
Q5413,85
Q34389,85
Q6938353,85
Q1164,85
Q35314,85
Q934,85
Q5885,85
Q34640,85
Q4,85
Q317,85
Q19707,85
Q7172,85
Q7801,85
Q5900735,85
Q23485,85
Q10978,85
Q7253814,85
Q36023,85
Q11881,85
Q11891,85
Q23445,85
Q676,85
Q35648,85
Q11708,85
Q7075,85
Q11419,85
Q9614,85
Q8452,85
Q9235,85
Q19125,85
Q12284,85
Q7176,85
Q8589,85
Q7011,85
Q1226,85
Q1882,85
Q1109,85
Q7298,85
Q34396,85
Q34956,85
Q41585,85
Q6938867,85
Q6937783,85
Q5611398,85
Q7102277,85
Q5610554,85
Q6646562,85
Q6938503,85
Q6938230,85
Q6935293,85
Q10209320,85
Q9722104,85
Q6508841,85
Q6937936,85
Q6937905,85
Q6939105,85
Q5611201,85
Q6939656,85
Q6724463,85
Q6933665,85
Q6935069,85
Q6934243,85
Q6163391,85
Q6938994,85
Q6646104,85
Q6936609,85
Q6645963,85
Q7091307,85
Q7021425,85
Q6647201,85
Q6937692,85
Q5607135,85
Q6646185,85
Q6436011,85
Q6937844,85
Q5626277,85
Q6934340,85
Q5611267,85
Q6645984,85
Q6933551,85
Q6936912,85
Q6646679,85
Q6646274,85
Q6938474,85
Q6935572,85
Q6937427,85
Q5611799,85
Q6938403,85
Q6938740,85
Q6646223,85
Q6934174,85
Q5864712,85
Q5611696,85
Q6646316,85
Q6149553,85
Q6562397,85
Q6936570,85
Q6936394,85
Q6936487,85
Q6879201,85
Q6936378,85
Q6646807,85
Q6436270,85
Q5626247,85
Q6937472,85
Q6645829,85
Q6646582,85
Q6645886,85
Q6937995,85
Q6646885,85
Q6645937,85
Q6135584,85
Q6648032,85
Q6936872,85
Q6937814,85
Q6936459,85
Q6561852,85
Q6583048,85
Q6938369,85
Q6646729,85
Q6646293,85
Q6936445,85
Q6933320,85
Q5838350,85
Q33391,85
Q6235,85
Q5612060,85
Q11421,85
Q6937527,85
Q6938024,85
Q6938111,85
Q5610967,85
Q5610400,85
Q5611483,85
Q5614083,85
Q5610906,85
Q5610937,85
Q6936219,85
Q6936069,85
Q4427,85
Q6934730,85
Q6934830,85
Q6933942,85
Q6933997,85
Q7021269,85
Q6933375,85
Q6933617,85
Q6932994,85
Q7037251,85
Q6932810,85
Q6932176,85
Q6932001,85
Q34660,85
Q872,85
Q7137988,85
Q6937969,85
Q7079710,85
Q7540,85
Q6933130,85
Q7069201,85
Q6932612,85
Q6932856,85
Q58697,85
Q9103,85
Q81731,85
Q23526,84
Q7015,84
Q16552,84
Q48007,84
Q34567,84
Q34551,84
Q32789,84
Q34718,84
Q28469,84
Q23439,84
Q30440,84
Q30962,84
Q31303,84
Q31311,84
Q23862,84
Q30471,84
Q30407,84
Q30404,84
Q30402,84
Q30412,84
Q24845,84
Q30398,84
Q30208,84
Q30435,84
Q11461,84
Q7094,84
Q33829,84
Q25261,84
Q6888311,84
Q7162,84
Q9083,84
Q6250,84
Q8811,84
Q7022303,84
Q49008,84
Q7880,84
Q7813,84
Q5548625,84
Q30875,84
Q1205,84
Q37901,84
Q3889,84
Q1200,84
Q3881,84
Q33741,84
Q5621523,84
Q1457551,84
Q7144528,84
Q1458160,84
Q10686,84
Q1458498,84
Q6400684,84
Q6895644,84
Q586,84
Q5322,84
Q5636063,84
Q2656,84
Q24489,84
Q7132780,84
Q8266,84
Q7149656,84
Q35064,84
Q7029555,84
Q6529461,84
Q21196,84
Q8682,84
Q7214143,84
Q12117,84
Q1857,84
Q6528085,84
Q9705,84
Q7333,84
Q6884728,84
Q6887418,84
Q6890573,84
Q5626512,84
Q1456188,84
Q5683132,84
Q9350,84
Q8454,84
Q1194,84
Q6491872,84
Q6986488,84
Q5689,84
Q1201,84
Q7130825,84
Q25231,84
Q3866,84
Q6893693,84
Q34370,84
Q3832,84
Q3659,84
Q33057,84
Q3768,84
Q350,84
Q1340,84
Q7130834,84
Q3799,84
Q35332,84
Q2090,84
Q1970530,84
Q7159,84
Q13353,84
Q1355,84
Q23427,84
Q35958,84
Q7164,84
Q19317,84
Q23392,84
Q16559,84
Q5610348,84
Q8108,84
Q9240,84
Q33788,84
Q17054,84
Q5599,84
Q11772,84
Q1413,84
Q19786,84
Q6938385,84
Q1171,84
Q9531,84
Q157,84
Q19185,84
Q5511,84
Q7302,84
Q33837,84
Q44519,84
Q10850,84
Q7371,84
Q36591,84
Q35883,84
Q10806,84
Q31945,84
Q3198,84
Q89,84
Q34836,84
Q11869,84
Q12312,84
Q34597,84
Q34490,84
Q909,84
Q11756,84
Q11764,84
Q8258,84
Q1471,84
Q34679,84
Q37748,84
Q37463,84
Q49389,84
Q20739451,84
Q8465,84
Q39397,84
Q1385,84
Q1386,84
Q1159,84
Q1388,84
Q1832,84
Q1819,84
Q1843,84
Q1849,84
Q1892,84
Q1855,84
Q1809,84
Q8432,84
Q9294,84
Q1888,84
Q7242,84
Q7331,84
Q6648104,84
Q6937665,84
Q5610649,84
Q5612497,84
Q5864788,84
Q6938654,84
Q6615329,84
Q6724301,84
Q6937632,84
Q6562485,84
Q6933795,84
Q6934038,84
Q6646117,84
Q6646379,84
Q6646259,84
Q6933892,84
Q6934779,84
Q6562623,84
Q5626902,84
Q6934496,84
Q6936472,84
Q5612264,84
Q6938312,84
Q6934396,84
Q6936650,84
Q6646065,84
Q6562516,84
Q6646237,84
Q6936682,84
Q9725100,84
Q6934545,84
Q6938165,84
Q6934201,84
Q6646605,84
Q6646516,84
Q6645945,84
Q6646076,84
Q5837663,84
Q7037725,84
Q6645797,84
Q6936142,84
Q5839122,84
Q6562021,84
Q6936539,84
Q6937148,84
Q6646162,84
Q6936421,84
Q6646872,84
Q6426333,84
Q6937089,84
Q6645975,84
Q6936194,84
Q6937222,84
Q6936782,84
Q6645930,84
Q6561100,84
Q6937116,84
Q6646711,84
Q6561549,84
Q6644589,84
Q6645953,84
Q6935044,84
Q6562045,84
Q6644875,84
Q6937260,84
Q6644721,84
Q6470735,84
Q6583083,84
Q25973,84
Q9581,84
Q38337,84
Q8137,84
Q8161,84
Q6935495,84
Q5611819,84
Q5866682,84
Q5611562,84
Q7079757,84
Q6935856,84
Q6935596,84
Q6935675,84
Q6934706,84
Q6934927,84
Q6933745,84
Q6933231,84
Q7069203,84
Q6933460,84
Q7037370,84
Q7027513,84
Q6932463,84
Q6932412,84
Q6932563,84
Q6932218,84
Q13371,84
Q376,84
Q6938423,84
Q6937494,84
Q7037765,84
Q6938549,84
Q6937400,84
Q5606865,84
Q7069202,84
Q7037532,84
Q6932030,84
Q6939,83
Q7016,83
Q30409,83
Q30420,83
Q30417,83
Q30396,83
Q30414,83
Q30477,83
Q31444,83
Q30965,83
Q33620,83
Q33615,83
Q25173,83
Q8612,83
Q7193,83
Q23540,83
Q1968,83
Q22656,83
Q6882950,83
Q5610199,83
Q7325,83
Q14185,83
Q1829,83
Q9058,83
Q6231596,83
Q4654925,83
Q2811,83
Q25276,83
Q11579,83
Q9471,83
Q7022211,83
Q7022302,83
Q7022235,83
Q7022233,83
Q12503,83
Q8680,83
Q11518,83
Q5567947,83
Q5547386,83
Q3726,83
Q38095,83
Q25227,83
Q329,83
Q675,83
Q6114443,83
Q12187,83
Q588,83
Q9482,83
Q11990,83
Q7158637,83
Q6808842,83
Q7212463,83
Q1905,83
Q17515,83
Q1901,83
Q59,83
Q3183,83
Q8081,83
Q6771345,83
Q7034313,83
Q7130310,83
Q5312535,83
Q1196,83
Q5613113,83
Q8736,83
Q1721,83
Q409,83
Q7987,83
Q6538,83
Q6892304,83
Q36396,83
Q33817,83
Q23530,83
Q4387444,83
Q34698,83
Q1206,83
Q36074,83
Q7130681,83
Q11399,83
Q7365,83
Q23564,83
Q1029907,83
Q3854,83
Q36091,83
Q1720,83
Q5092,83
